Pig Stack Trace
---------------
ERROR 1003: Unable to find an operator for alias keyword

org.apache.pig.impl.logicalLayer.FrontendException: ERROR 1001: Unable to describe schema for alias keyword
	at org.apache.pig.PigServer.dumpSchema(PigServer.java:775)
	at org.apache.pig.tools.grunt.GruntParser.processDescribe(GruntParser.java:306)
	at org.apache.pig.tools.pigscript.parser.PigScriptParser.parse(PigScriptParser.java:412)
	at org.apache.pig.tools.grunt.GruntParser.parseStopOnError(GruntParser.java:198)
	at org.apache.pig.tools.grunt.GruntParser.parseStopOnError(GruntParser.java:173)
	at org.apache.pig.tools.grunt.Grunt.exec(Grunt.java:84)
	at org.apache.pig.Main.run(Main.java:607)
	at org.apache.pig.Main.main(Main.java:156)
	at sun.reflect.NativeMethodAccessorImpl.invoke0(Native Method)
	at sun.reflect.NativeMethodAccessorImpl.invoke(NativeMethodAccessorImpl.java:57)
	at sun.reflect.DelegatingMethodAccessorImpl.invoke(DelegatingMethodAccessorImpl.java:43)
	at java.lang.reflect.Method.invoke(Method.java:601)
	at org.apache.hadoop.util.RunJar.main(RunJar.java:212)
Caused by: org.apache.pig.impl.logicalLayer.FrontendException: ERROR 1003: Unable to find an operator for alias keyword
	at org.apache.pig.PigServer$Graph.buildPlan(PigServer.java:1513)
	at org.apache.pig.PigServer.buildStorePlan(PigServer.java:1264)
	at org.apache.pig.PigServer.getOperatorForAlias(PigServer.java:1384)
	at org.apache.pig.PigServer.dumpSchema(PigServer.java:758)
	... 12 more
================================================================================
