Pig Stack Trace
---------------
ERROR 1128: Cannot find field dividends in exchange:bytearray,stock:bytearray

org.apache.pig.impl.logicalLayer.FrontendException: ERROR 1000: Error during parsing. Cannot find field dividends in exchange:bytearray,stock:bytearray
	at org.apache.pig.PigServer$Graph.parseQuery(PigServer.java:1748)
	at org.apache.pig.PigServer$Graph.access$000(PigServer.java:1443)
	at org.apache.pig.PigServer.parseAndBuild(PigServer.java:387)
	at org.apache.pig.tools.grunt.GruntParser.processDescribe(GruntParser.java:300)
	at org.apache.pig.tools.pigscript.parser.PigScriptParser.parse(PigScriptParser.java:416)
	at org.apache.pig.tools.grunt.GruntParser.parseStopOnError(GruntParser.java:230)
	at org.apache.pig.tools.grunt.GruntParser.parseStopOnError(GruntParser.java:205)
	at org.apache.pig.tools.grunt.Grunt.exec(Grunt.java:81)
	at org.apache.pig.Main.run(Main.java:631)
	at org.apache.pig.Main.main(Main.java:177)
Caused by: Failed to parse: Pig script failed to parse: 
<file group_by_multiple_key.pig, line 4, column 6> pig script failed to validate: org.apache.pig.impl.logicalLayer.FrontendException: ERROR 1128: Cannot find field dividends in exchange:bytearray,stock:bytearray
	at org.apache.pig.parser.QueryParserDriver.parse(QueryParserDriver.java:199)
	at org.apache.pig.PigServer$Graph.parseQuery(PigServer.java:1735)
	... 9 more
Caused by: 
<file group_by_multiple_key.pig, line 4, column 6> pig script failed to validate: org.apache.pig.impl.logicalLayer.FrontendException: ERROR 1128: Cannot find field dividends in exchange:bytearray,stock:bytearray
	at org.apache.pig.parser.LogicalPlanBuilder.buildForeachOp(LogicalPlanBuilder.java:1057)
	at org.apache.pig.parser.LogicalPlanGenerator.foreach_clause(LogicalPlanGenerator.java:15896)
	at org.apache.pig.parser.LogicalPlanGenerator.op_clause(LogicalPlanGenerator.java:1933)
	at org.apache.pig.parser.LogicalPlanGenerator.general_statement(LogicalPlanGenerator.java:1102)
	at org.apache.pig.parser.LogicalPlanGenerator.statement(LogicalPlanGenerator.java:560)
	at org.apache.pig.parser.LogicalPlanGenerator.query(LogicalPlanGenerator.java:421)
	at org.apache.pig.parser.QueryParserDriver.parse(QueryParserDriver.java:191)
	... 10 more
Caused by: org.apache.pig.impl.logicalLayer.FrontendException: ERROR 1128: Cannot find field dividends in exchange:bytearray,stock:bytearray
	at org.apache.pig.newplan.logical.expression.DereferenceExpression.translateAliasToPos(DereferenceExpression.java:215)
	at org.apache.pig.newplan.logical.expression.DereferenceExpression.getFieldSchema(DereferenceExpression.java:169)
	at org.apache.pig.newplan.logical.optimizer.FieldSchemaResetter.execute(SchemaResetter.java:264)
	at org.apache.pig.newplan.logical.expression.AllSameExpressionVisitor.visit(AllSameExpressionVisitor.java:148)
	at org.apache.pig.newplan.logical.expression.DereferenceExpression.accept(DereferenceExpression.java:84)
	at org.apache.pig.newplan.ReverseDependencyOrderWalker.walk(ReverseDependencyOrderWalker.java:70)
	at org.apache.pig.newplan.PlanVisitor.visit(PlanVisitor.java:52)
	at org.apache.pig.newplan.logical.optimizer.SchemaResetter.visitAll(SchemaResetter.java:67)
	at org.apache.pig.newplan.logical.optimizer.SchemaResetter.visit(SchemaResetter.java:122)
	at org.apache.pig.newplan.logical.relational.LOGenerate.accept(LOGenerate.java:245)
	at org.apache.pig.newplan.DependencyOrderWalker.walk(DependencyOrderWalker.java:75)
	at org.apache.pig.newplan.logical.optimizer.SchemaResetter.visit(SchemaResetter.java:114)
	at org.apache.pig.parser.LogicalPlanBuilder.buildForeachOp(LogicalPlanBuilder.java:1055)
	... 16 more
================================================================================
