Pig Stack Trace
---------------
ERROR 1025: 
<file loyalty_program.pig, line 31, column 52> Invalid field projection. Projected field [price] does not exist in schema: group:int,final_join:bag{:tuple(product_rel::new_rel_filtered::cust_id:int,product_rel::orders::order_id:int,product_rel::prod_id:int,products::prod_id:int,products::brand:chararray,products::name:chararray,products::price:int,products::cost:int,products::shipping_wt:int)}.

org.apache.pig.impl.plan.PlanValidationException: ERROR 1025: 
<file loyalty_program.pig, line 31, column 52> Invalid field projection. Projected field [price] does not exist in schema: group:int,final_join:bag{:tuple(product_rel::new_rel_filtered::cust_id:int,product_rel::orders::order_id:int,product_rel::prod_id:int,products::prod_id:int,products::brand:chararray,products::name:chararray,products::price:int,products::cost:int,products::shipping_wt:int)}.
	at org.apache.pig.newplan.logical.expression.ProjectExpression.findColNum(ProjectExpression.java:191)
	at org.apache.pig.newplan.logical.expression.ProjectExpression.setColumnNumberFromAlias(ProjectExpression.java:174)
	at org.apache.pig.newplan.logical.visitor.ColumnAliasConversionVisitor$1.visit(ColumnAliasConversionVisitor.java:53)
	at org.apache.pig.newplan.logical.expression.ProjectExpression.accept(ProjectExpression.java:215)
	at org.apache.pig.newplan.DependencyOrderWalker.walk(DependencyOrderWalker.java:75)
	at org.apache.pig.newplan.PlanVisitor.visit(PlanVisitor.java:52)
	at org.apache.pig.newplan.logical.optimizer.AllExpressionVisitor.visit(AllExpressionVisitor.java:142)
	at org.apache.pig.newplan.logical.relational.LOInnerLoad.accept(LOInnerLoad.java:128)
	at org.apache.pig.newplan.DependencyOrderWalker.walk(DependencyOrderWalker.java:75)
	at org.apache.pig.newplan.logical.optimizer.AllExpressionVisitor.visit(AllExpressionVisitor.java:124)
	at org.apache.pig.newplan.logical.relational.LOForEach.accept(LOForEach.java:76)
	at org.apache.pig.newplan.DependencyOrderWalker.walk(DependencyOrderWalker.java:75)
	at org.apache.pig.newplan.PlanVisitor.visit(PlanVisitor.java:52)
	at org.apache.pig.PigServer$Graph.compile(PigServer.java:1716)
	at org.apache.pig.PigServer$Graph.validateQuery(PigServer.java:1649)
	at org.apache.pig.PigServer$Graph.registerQuery(PigServer.java:1621)
	at org.apache.pig.PigServer.registerQuery(PigServer.java:575)
	at org.apache.pig.tools.grunt.GruntParser.processPig(GruntParser.java:1093)
	at org.apache.pig.tools.pigscript.parser.PigScriptParser.parse(PigScriptParser.java:501)
	at org.apache.pig.tools.grunt.GruntParser.loadScript(GruntParser.java:563)
	at org.apache.pig.tools.grunt.GruntParser.processExplain(GruntParser.java:360)
	at org.apache.pig.tools.grunt.Grunt.checkScript(Grunt.java:98)
	at org.apache.pig.Main.run(Main.java:603)
	at org.apache.pig.Main.main(Main.java:156)
	at sun.reflect.NativeMethodAccessorImpl.invoke0(Native Method)
	at sun.reflect.NativeMethodAccessorImpl.invoke(NativeMethodAccessorImpl.java:57)
	at sun.reflect.DelegatingMethodAccessorImpl.invoke(DelegatingMethodAccessorImpl.java:43)
	at java.lang.reflect.Method.invoke(Method.java:601)
	at org.apache.hadoop.util.RunJar.main(RunJar.java:212)
================================================================================
