Pig Stack Trace
---------------
ERROR 1200: Pig script failed to parse: 
<file loyalty_program.pig, line 17, column 21> Undefined alias: filtereeddate

org.apache.pig.impl.logicalLayer.FrontendException: ERROR 1000: Error during parsing. Pig script failed to parse: 
<file loyalty_program.pig, line 17, column 21> Undefined alias: filtereeddate
	at org.apache.pig.PigServer$Graph.parseQuery(PigServer.java:1689)
	at org.apache.pig.PigServer$Graph.access$000(PigServer.java:1409)
	at org.apache.pig.PigServer.parseAndBuild(PigServer.java:342)
	at org.apache.pig.PigServer.executeBatch(PigServer.java:367)
	at org.apache.pig.PigServer.executeBatch(PigServer.java:353)
	at org.apache.pig.tools.grunt.GruntParser.executeBatch(GruntParser.java:140)
	at org.apache.pig.tools.grunt.GruntParser.processDump(GruntParser.java:769)
	at org.apache.pig.tools.pigscript.parser.PigScriptParser.parse(PigScriptParser.java:372)
	at org.apache.pig.tools.grunt.GruntParser.parseStopOnError(GruntParser.java:198)
	at org.apache.pig.tools.grunt.GruntParser.parseStopOnError(GruntParser.java:173)
	at org.apache.pig.tools.grunt.Grunt.exec(Grunt.java:84)
	at org.apache.pig.Main.run(Main.java:607)
	at org.apache.pig.Main.main(Main.java:156)
	at sun.reflect.NativeMethodAccessorImpl.invoke0(Native Method)
	at sun.reflect.NativeMethodAccessorImpl.invoke(NativeMethodAccessorImpl.java:57)
	at sun.reflect.DelegatingMethodAccessorImpl.invoke(DelegatingMethodAccessorImpl.java:43)
	at java.lang.reflect.Method.invoke(Method.java:601)
	at org.apache.hadoop.util.RunJar.main(RunJar.java:212)
Caused by: Failed to parse: Pig script failed to parse: 
<file loyalty_program.pig, line 17, column 21> Undefined alias: filtereeddate
	at org.apache.pig.parser.QueryParserDriver.parse(QueryParserDriver.java:196)
	at org.apache.pig.PigServer$Graph.parseQuery(PigServer.java:1676)
	... 17 more
Caused by: 
<file loyalty_program.pig, line 17, column 21> Undefined alias: filtereeddate
	at org.apache.pig.parser.AstValidator.validateAliasRef(AstValidator.java:278)
	at org.apache.pig.parser.AstValidator.rel(AstValidator.java:6526)
	at org.apache.pig.parser.AstValidator.group_item(AstValidator.java:6271)
	at org.apache.pig.parser.AstValidator.group_clause(AstValidator.java:6058)
	at org.apache.pig.parser.AstValidator.op_clause(AstValidator.java:1643)
	at org.apache.pig.parser.AstValidator.general_statement(AstValidator.java:1035)
	at org.apache.pig.parser.AstValidator.statement(AstValidator.java:499)
	at org.apache.pig.parser.AstValidator.query(AstValidator.java:373)
	at org.apache.pig.parser.QueryParserDriver.validateAst(QueryParserDriver.java:255)
	at org.apache.pig.parser.QueryParserDriver.parse(QueryParserDriver.java:183)
	... 18 more
================================================================================
