Pig Stack Trace
---------------
ERROR 1128: Cannot find field order_dtm in :chararray

org.apache.pig.impl.logicalLayer.FrontendException: ERROR 1000: Error during parsing. Cannot find field order_dtm in :chararray
	at org.apache.pig.PigServer$Graph.parseQuery(PigServer.java:1689)
	at org.apache.pig.PigServer$Graph.access$000(PigServer.java:1409)
	at org.apache.pig.PigServer.parseAndBuild(PigServer.java:342)
	at org.apache.pig.PigServer.executeBatch(PigServer.java:367)
	at org.apache.pig.PigServer.executeBatch(PigServer.java:353)
	at org.apache.pig.tools.grunt.GruntParser.executeBatch(GruntParser.java:140)
	at org.apache.pig.tools.grunt.GruntParser.processDump(GruntParser.java:769)
	at org.apache.pig.tools.pigscript.parser.PigScriptParser.parse(PigScriptParser.java:372)
	at org.apache.pig.tools.grunt.GruntParser.parseStopOnError(GruntParser.java:198)
	at org.apache.pig.tools.grunt.GruntParser.parseStopOnError(GruntParser.java:173)
	at org.apache.pig.tools.grunt.Grunt.exec(Grunt.java:84)
	at org.apache.pig.Main.run(Main.java:607)
	at org.apache.pig.Main.main(Main.java:156)
	at sun.reflect.NativeMethodAccessorImpl.invoke0(Native Method)
	at sun.reflect.NativeMethodAccessorImpl.invoke(NativeMethodAccessorImpl.java:57)
	at sun.reflect.DelegatingMethodAccessorImpl.invoke(DelegatingMethodAccessorImpl.java:43)
	at java.lang.reflect.Method.invoke(Method.java:601)
	at org.apache.hadoop.util.RunJar.main(RunJar.java:212)
Caused by: Failed to parse: Pig script failed to parse: 
<file count_orders_by_period.pig, line 30, column 9> pig script failed to validate: org.apache.pig.impl.logicalLayer.FrontendException: ERROR 1128: Cannot find field order_dtm in :chararray
	at org.apache.pig.parser.QueryParserDriver.parse(QueryParserDriver.java:196)
	at org.apache.pig.PigServer$Graph.parseQuery(PigServer.java:1676)
	... 17 more
Caused by: 
<file count_orders_by_period.pig, line 30, column 9> pig script failed to validate: org.apache.pig.impl.logicalLayer.FrontendException: ERROR 1128: Cannot find field order_dtm in :chararray
	at org.apache.pig.parser.LogicalPlanBuilder.expandAndResetVisitor(LogicalPlanBuilder.java:410)
	at org.apache.pig.parser.LogicalPlanBuilder.buildForeachOp(LogicalPlanBuilder.java:979)
	at org.apache.pig.parser.LogicalPlanGenerator.foreach_clause(LogicalPlanGenerator.java:15870)
	at org.apache.pig.parser.LogicalPlanGenerator.op_clause(LogicalPlanGenerator.java:1933)
	at org.apache.pig.parser.LogicalPlanGenerator.general_statement(LogicalPlanGenerator.java:1102)
	at org.apache.pig.parser.LogicalPlanGenerator.statement(LogicalPlanGenerator.java:560)
	at org.apache.pig.parser.LogicalPlanGenerator.query(LogicalPlanGenerator.java:421)
	at org.apache.pig.parser.QueryParserDriver.parse(QueryParserDriver.java:188)
	... 18 more
Caused by: org.apache.pig.impl.logicalLayer.FrontendException: ERROR 1128: Cannot find field order_dtm in :chararray
	at org.apache.pig.newplan.logical.expression.DereferenceExpression.translateAliasToPos(DereferenceExpression.java:215)
	at org.apache.pig.newplan.logical.expression.DereferenceExpression.getFieldSchema(DereferenceExpression.java:149)
	at org.apache.pig.newplan.logical.optimizer.FieldSchemaResetter.execute(SchemaResetter.java:264)
	at org.apache.pig.newplan.logical.expression.AllSameExpressionVisitor.visit(AllSameExpressionVisitor.java:148)
	at org.apache.pig.newplan.logical.expression.DereferenceExpression.accept(DereferenceExpression.java:84)
	at org.apache.pig.newplan.ReverseDependencyOrderWalker.walk(ReverseDependencyOrderWalker.java:70)
	at org.apache.pig.newplan.PlanVisitor.visit(PlanVisitor.java:52)
	at org.apache.pig.newplan.logical.optimizer.SchemaResetter.visitAll(SchemaResetter.java:67)
	at org.apache.pig.newplan.logical.optimizer.SchemaResetter.visit(SchemaResetter.java:122)
	at org.apache.pig.newplan.logical.relational.LOGenerate.accept(LOGenerate.java:246)
	at org.apache.pig.newplan.DependencyOrderWalker.walk(DependencyOrderWalker.java:75)
	at org.apache.pig.newplan.logical.optimizer.SchemaResetter.visit(SchemaResetter.java:114)
	at org.apache.pig.newplan.logical.relational.LOForEach.accept(LOForEach.java:76)
	at org.apache.pig.newplan.DependencyOrderWalker.walk(DependencyOrderWalker.java:75)
	at org.apache.pig.newplan.PlanVisitor.visit(PlanVisitor.java:52)
	at org.apache.pig.parser.LogicalPlanBuilder.expandAndResetVisitor(LogicalPlanBuilder.java:408)
	... 25 more
================================================================================
